<?xml version="1.0" encoding="UTF-8"?>
<!-- Generated by org.testng.reporters.JUnitXMLReporter -->
<testsuite hostname="Ajay" ignored="0" name="Test" tests="1" failures="0" timestamp="30 Oct 2021 14:30:43 GMT" time="0.044" errors="0">
  <testcase name="@BeforeClass lunchBrowser" time="0.0" classname="Utils.BaseClass">
    <failure type="org.testng.TestNGException" message="
Can inject only one of &amp;lt;ITestContext, XmlTest&amp;gt; into a @BeforeClass annotated lunchBrowser.
For more information on native dependency injection please refer to http://testng.org/doc/documentation-main.html#native-dependency-injection">
      <![CDATA[org.testng.TestNGException: 
Can inject only one of <ITestContext, XmlTest> into a @BeforeClass annotated lunchBrowser.
For more information on native dependency injection please refer to http://testng.org/doc/documentation-main.html#native-dependency-injection
... Removed 27 stack frames]]>
    </failure>
  </testcase> <!-- @BeforeClass lunchBrowser -->
  <testcase name="loginTest" time="0.0" classname="com.suacelab.ecommerce.SortFunctionality">
    <skipped/>
  </testcase> <!-- loginTest -->
</testsuite> <!-- Test -->
