<?xml version="1.0" encoding="UTF-8"?>
<testng-results skipped="0" failed="0" ignored="0" total="1" passed="1">
  <reporter-output>
  </reporter-output>
  <suite name="Suite" duration-ms="120064" started-at="2021-10-31T02:30:01Z" finished-at="2021-10-31T02:32:01Z">
    <groups>
    </groups>
    <test name="Test" duration-ms="120064" started-at="2021-10-31T02:30:01Z" finished-at="2021-10-31T02:32:01Z">
      <class name="com.suacelab.ecommerce.SortFunctionality">
        <test-method status="PASS" signature="lunchBrowser(java.lang.String)[pri:0, instance:com.suacelab.ecommerce.SortFunctionality@61a485d2]" name="lunchBrowser" is-config="true" duration-ms="80698" started-at="2021-10-31T02:30:01Z" finished-at="2021-10-31T02:31:21Z">
          <params>
            <param index="0">
              <value>
                <![CDATA[firefox]]>
              </value>
            </param>
          </params>
          <reporter-output>
          </reporter-output>
        </test-method> <!-- lunchBrowser -->
        <test-method status="PASS" signature="loginTest()[pri:0, instance:com.suacelab.ecommerce.SortFunctionality@61a485d2]" name="loginTest" duration-ms="39308" started-at="2021-10-31T02:31:21Z" finished-at="2021-10-31T02:32:01Z">
          <reporter-output>
          </reporter-output>
        </test-method> <!-- loginTest -->
      </class> <!-- com.suacelab.ecommerce.SortFunctionality -->
    </test> <!-- Test -->
  </suite> <!-- Suite -->
</testng-results>
